c:\users\admin\source\repos\cleanup\cleanup\release\cleanup.pch
c:\users\admin\source\repos\cleanup\cleanup\release\vc143.pdb
c:\users\admin\source\repos\cleanup\cleanup\release\pch.obj
c:\users\admin\source\repos\cleanup\cleanup\release\dllmain.obj
c:\users\admin\source\repos\cleanup\release\cleanup.lib
c:\users\admin\source\repos\cleanup\release\cleanup.exp
c:\users\admin\source\repos\cleanup\release\cleanup.dll
c:\users\admin\source\repos\cleanup\cleanup\release\cleanup.ipdb
c:\users\admin\source\repos\cleanup\cleanup\release\cleanup.iobj
c:\users\admin\source\repos\cleanup\release\cleanup.pdb
c:\users\admin\source\repos\cleanup\cleanup\release\cleanup.res
c:\users\admin\source\repos\cleanup\cleanup\release\cleanup.tlog\cl.command.1.tlog
c:\users\admin\source\repos\cleanup\cleanup\release\cleanup.tlog\cl.items.tlog
c:\users\admin\source\repos\cleanup\cleanup\release\cleanup.tlog\cl.read.1.tlog
c:\users\admin\source\repos\cleanup\cleanup\release\cleanup.tlog\cl.write.1.tlog
c:\users\admin\source\repos\cleanup\cleanup\release\cleanup.tlog\clang-cl.command.1.tlog
c:\users\admin\source\repos\cleanup\cleanup\release\cleanup.tlog\clang-cl.read.1.tlog
c:\users\admin\source\repos\cleanup\cleanup\release\cleanup.tlog\clang-cl.write.1.tlog
c:\users\admin\source\repos\cleanup\cleanup\release\cleanup.tlog\link.command.1.tlog
c:\users\admin\source\repos\cleanup\cleanup\release\cleanup.tlog\link.read.1.tlog
c:\users\admin\source\repos\cleanup\cleanup\release\cleanup.tlog\link.write.1.tlog
c:\users\admin\source\repos\cleanup\cleanup\release\cleanup.tlog\link.write.2u.tlog
c:\users\admin\source\repos\cleanup\cleanup\release\cleanup.tlog\lld-link.command.1.tlog
c:\users\admin\source\repos\cleanup\cleanup\release\cleanup.tlog\lld-link.read.1.tlog
c:\users\admin\source\repos\cleanup\cleanup\release\cleanup.tlog\lld-link.write.1.tlog
c:\users\admin\source\repos\cleanup\cleanup\release\cleanup.tlog\rc.command.1.tlog
c:\users\admin\source\repos\cleanup\cleanup\release\cleanup.tlog\rc.read.1.tlog
c:\users\admin\source\repos\cleanup\cleanup\release\cleanup.tlog\rc.write.1.tlog
